<?xml version="1.0" encoding="UTF-8"?>
<!-- Generated by org.testng.reporters.JUnitReportReporter -->
<testsuite hostname="DESKTOP-JCMCTMH" failures="0" tests="4" name="tests.EndToEndTest" time="6.374" errors="0" timestamp="2022-01-30T16:18:42 MSK" skipped="0">
  <testcase classname="tests.EndToEndTest" name="addNoteInBlog" time="1.356"/>
  <system-out/>
  <testcase classname="tests.EndToEndTest" name="blogTitle" time="2.284"/>
  <system-out/>
  <testcase classname="tests.EndToEndTest" name="entryFormH1" time="0.751"/>
  <system-out/>
  <testcase classname="tests.EndToEndTest" name="dashboardTitle" time="1.983"/>
  <system-out/>
</testsuite> <!-- tests.EndToEndTest -->
