<?xml version="1.0" encoding="UTF-8"?>
<!-- Generated by org.testng.reporters.JUnitReportReporter -->
<testsuite hostname="DESKTOP-LDE18F9" failures="0" tests="1" name="BaseTest" time="0.009" errors="0" timestamp="2022-01-26T20:15:04 MSK" skipped="0">
  <testcase classname="BaseTest" name="Test" time="0.009"/>
  <system-out/>
</testsuite> <!-- BaseTest -->
