<?xml version="1.0" encoding="UTF-8"?>
<!-- Generated by org.testng.reporters.JUnitReportReporter -->
<testsuite hostname="DESKTOP-JCMCTMH" failures="0" tests="2" name="BaseTest" time="4.681" errors="0" timestamp="2022-01-30T18:04:54 MSK" skipped="0">
  <testcase classname="BaseTest" name="Test1" time="0.001"/>
  <system-out/>
  <testcase classname="BaseTest" name="Test2" time="4.680"/>
  <system-out/>
</testsuite> <!-- BaseTest -->
